2018-05-24 22:52:42 cutstock_grb.py:INFO - Begin
2018-05-24 22:52:42 cutstock_grb.py:INFO - min reduced cost = -0.2429; new pattern: [2, 0, 1, 0, 1]
2018-05-24 22:52:42 cutstock_grb.py:INFO - min reduced cost = -0.1000; new pattern: [0, 2, 0, 0, 1]
2018-05-24 22:52:42 cutstock_grb.py:INFO - min reduced cost = -0.0909; new pattern: [0, 0, 7, 1, 0]
2018-05-24 22:52:42 cutstock_grb.py:INFO - min reduced cost = -0.0571; new pattern: [0, 0, 6, 0, 2]
2018-05-24 22:52:42 cutstock_grb.py:INFO - min reduced cost = -0.0167; new pattern: [0, 1, 2, 0, 3]
2018-05-24 22:52:42 cutstock_grb.py:INFO - min reduced cost = -0.0208; new pattern: [1, 1, 0, 2, 0]
2018-05-24 22:52:42 cutstock_grb.py:INFO - min reduced cost = -0.0073; new pattern: [1, 0, 4, 0, 1]
2018-05-24 22:52:42 cutstock_grb.py:INFO - min reduced cost =  0.0000 ≥ 0
2018-05-24 22:52:42 cutstock_grb.py:INFO - Relaxed result = 11.1452 rolls
	5.1935 * [2, 0, 1, 0, 1]
	1.1613 * [0, 2, 0, 0, 1]
	3.1774 * [0, 1, 2, 0, 3]
	0.5000 * [1, 1, 0, 2, 0]
	1.1129 * [1, 0, 4, 0, 1]
2018-05-24 22:52:42 cutstock_grb.py:INFO - Integer result = 12 rolls
	1 * [0, 0, 0, 0, 10]
	6 * [2, 0, 1, 0, 1]
	2 * [0, 2, 0, 0, 1]
	1 * [0, 0, 7, 1, 0]
	2 * [0, 1, 2, 0, 3]
